<?xml version="1.0" encoding="UTF-8"?>
<!-- Generated by org.testng.reporters.JUnitReportReporter -->
<testsuite skipped="0" hostname="DESKTOP-2K99QJR" name="salesTest.SalesTest" tests="4" failures="0" timestamp="2020-11-21T08:52:53 EET" time="15.125" errors="0">
  <testcase name="ChangeMoneyPaiedTest" time="0.176" classname="salesTest.SalesTest"/>
  <system-out/>
  <testcase name="adding" time="4.387" classname="salesTest.SalesTest"/>
  <system-out/>
  <testcase name="AddProductTest" time="10.438" classname="salesTest.SalesTest"/>
  <system-out/>
  <testcase name="AssertBillDataTrue" time="0.124" classname="salesTest.SalesTest"/>
  <system-out/>
</testsuite> <!-- salesTest.SalesTest -->
