<?xml version="1.0" encoding="UTF-8"?>
<!-- Generated by org.testng.reporters.JUnitReportReporter -->
<testsuite skipped="0" hostname="DESKTOP-2K99QJR" name="salesTests.OpenSalesPageTest" tests="3" failures="0" timestamp="2020-11-30T10:51:20 EET" time="24.160" errors="0">
  <testcase name="assertProductDetailsTrue" time="10.585" classname="salesTests.OpenSalesPageTest"/>
  <system-out/>
  <testcase name="addProductToBill" time="3.509" classname="salesTests.OpenSalesPageTest"/>
  <system-out/>
  <testcase name="openSalesPage" time="10.066" classname="salesTests.OpenSalesPageTest"/>
  <system-out/>
</testsuite> <!-- salesTests.OpenSalesPageTest -->
