<?xml version="1.0" encoding="UTF-8"?>
<!-- Generated by org.testng.reporters.JUnitReportReporter -->
<testsuite skipped="0" hostname="DESKTOP-2K99QJR" name="salesTests.OpenSalesPageTest" tests="3" failures="0" timestamp="2020-11-23T14:30:52 EET" time="33.987" errors="0">
  <testcase name="assertProductDetailsTrue" time="6.651" classname="salesTests.OpenSalesPageTest"/>
  <system-out/>
  <testcase name="addProductToBill" time="2.613" classname="salesTests.OpenSalesPageTest"/>
  <system-out/>
  <testcase name="openSalesPage" time="24.723" classname="salesTests.OpenSalesPageTest"/>
  <system-out/>
</testsuite> <!-- salesTests.OpenSalesPageTest -->
