<?xml version="1.0" encoding="UTF-8"?>
<!-- Generated by org.testng.reporters.JUnitReportReporter -->
<testsuite skipped="0" hostname="DESKTOP-2K99QJR" name="salesTests.OpenSalesPageTest" tests="2" failures="0" timestamp="2020-11-21T16:01:07 EET" time="7.318" errors="0">
  <testcase name="openSalesPage" time="7.212" classname="salesTests.OpenSalesPageTest"/>
  <system-out/>
  <testcase name="paas" time="0.106" classname="salesTests.OpenSalesPageTest"/>
  <system-out/>
</testsuite> <!-- salesTests.OpenSalesPageTest -->
